06:00:47 **** Incremental Build of configuration Debug for project 7segment ****
make all 
Building file: ../main.c
Invoking: AVR Compiler
avr-gcc -Wall -g2 -gstabs -O0 -fpack-struct -fshort-enums -ffunction-sections -fdata-sections -std=gnu99 -funsigned-char -funsigned-bitfields -mmcu=atmega16 -DF_CPU=1000000UL -MMD -MP -MF"main.d" -MT"main.o" -c -o "main.o" "../main.c"
In file included from ../main.c:9:
c:/winavr-20100110/lib/gcc/../../avr/include/util/delay.h:90:3: warning: #warning "Compiler optimizations disabled; functions from <util/delay.h> won't work as designed"
Finished building: ../main.c
 
Building target: 7segment.elf
Invoking: AVR C Linker
avr-gcc -Wl,-Map,7segment.map -mmcu=atmega16 -o "7segment.elf"  ./main.o   
Finished building target: 7segment.elf
 
Invoking: AVR Create Extended Listing
avr-objdump -h -S 7segment.elf  >"7segment.lss"
Finished building: 7segment.lss
 
Invoking: Print Size
avr-size --format=avr --mcu=atmega16 7segment.elf
AVR Memory Usage
----------------
Device: atmega16

Program:    3394 bytes (20.7% Full)
(.text + .data + .bootloader)

Data:          8 bytes (0.8% Full)
(.data + .bss + .noinit)


Finished building: sizedummy
 

06:00:48 Build Finished. 0 errors, 1 warnings. (took 756ms)

