16:20:08 **** Incremental Build of configuration Debug for project Youssef_Mmdoh_El-Nemaky_Mini_Project ****
make all 
Building file: ../main.c
Invoking: AVR Compiler
avr-gcc -Wall -g2 -gstabs -O0 -fpack-struct -fshort-enums -ffunction-sections -fdata-sections -std=gnu99 -funsigned-char -funsigned-bitfields -mmcu=atmega16 -DF_CPU=1000000UL -MMD -MP -MF"main.d" -MT"main.o" -c -o "main.o" "../main.c"
In file included from ../main.c:9:
c:/winavr-20100110/lib/gcc/../../avr/include/util/delay.h:90:3: warning: #warning "Compiler optimizations disabled; functions from <util/delay.h> won't work as designed"
Finished building: ../main.c
 
Building target: Youssef_Mmdoh_El-Nemaky_Mini_Project.elf
Invoking: AVR C Linker
avr-gcc -Wl,-Map,Youssef_Mmdoh_El-Nemaky_Mini_Project.map -mmcu=atmega16 -o "Youssef_Mmdoh_El-Nemaky_Mini_Project.elf"  ./main.o   
Finished building target: Youssef_Mmdoh_El-Nemaky_Mini_Project.elf
 
Invoking: AVR Create Extended Listing
avr-objdump -h -S Youssef_Mmdoh_El-Nemaky_Mini_Project.elf  >"Youssef_Mmdoh_El-Nemaky_Mini_Project.lss"
Finished building: Youssef_Mmdoh_El-Nemaky_Mini_Project.lss
 
Invoking: Print Size
avr-size --format=avr --mcu=atmega16 Youssef_Mmdoh_El-Nemaky_Mini_Project.elf
AVR Memory Usage
----------------
Device: atmega16

Program:    4124 bytes (25.2% Full)
(.text + .data + .bootloader)

Data:         11 bytes (1.1% Full)
(.data + .bss + .noinit)


Finished building: sizedummy
 
